<?xml version="1.0" encoding="UTF-8"?>
<testsuite xmlns:xsi="http://www.w3.org/2001/XMLSchema-instance" xsi:noNamespaceSchemaLocation="https://maven.apache.org/surefire/maven-surefire-plugin/xsd/surefire-test-report.xsd" name="TestSuite" time="2.432" tests="2" errors="0" skipped="0" failures="0">
  <properties>
    <property name="sun.desktop" value="windows"/>
    <property name="awt.toolkit" value="sun.awt.windows.WToolkit"/>
    <property name="java.specification.version" value="1.8"/>
    <property name="file.encoding.pkg" value="sun.io"/>
    <property name="sun.cpu.isalist" value="pentium_pro+mmx pentium_pro pentium+mmx pentium i486 i386 i86"/>
    <property name="sun.jnu.encoding" value="GBK"/>
    <property name="org.uncommons.reportng.escape-output" value="false"/>
    <property name="java.class.path" value="H:\D_backup\javacode\TestHub-master\target\test-classes;H:\D_backup\javacode\TestHub-master\target\classes;I:\E_backup\suo_MavenRepository\com\alibaba\fastjson\1.2.47\fastjson-1.2.47.jar;I:\E_backup\suo_MavenRepository\com\googlecode\protobuf-java-format\protobuf-java-format\1.4\protobuf-java-format-1.4.jar;I:\E_backup\suo_MavenRepository\org\slf4j\slf4j-log4j12\1.7.25\slf4j-log4j12-1.7.25.jar;I:\E_backup\suo_MavenRepository\org\slf4j\slf4j-api\1.7.25\slf4j-api-1.7.25.jar;I:\E_backup\suo_MavenRepository\com\squareup\okhttp3\okhttp\3.10.0\okhttp-3.10.0.jar;I:\E_backup\suo_MavenRepository\com\squareup\okio\okio\1.14.0\okio-1.14.0.jar;I:\E_backup\suo_MavenRepository\com\squareup\okhttp3\logging-interceptor\3.10.0\logging-interceptor-3.10.0.jar;I:\E_backup\suo_MavenRepository\org\testng\testng\6.14.2\testng-6.14.2.jar;I:\E_backup\suo_MavenRepository\com\beust\jcommander\1.72\jcommander-1.72.jar;I:\E_backup\suo_MavenRepository\org\apache-extras\beanshell\bsh\2.0b6\bsh-2.0b6.jar;I:\E_backup\suo_MavenRepository\com\aventstack\extentreports\3.1.5\extentreports-3.1.5.jar;I:\E_backup\suo_MavenRepository\org\freemarker\freemarker\2.3.23\freemarker-2.3.23.jar;I:\E_backup\suo_MavenRepository\org\mongodb\mongodb-driver\3.3.0\mongodb-driver-3.3.0.jar;I:\E_backup\suo_MavenRepository\org\mongodb\bson\3.3.0\bson-3.3.0.jar;I:\E_backup\suo_MavenRepository\org\mongodb\mongodb-driver-core\3.3.0\mongodb-driver-core-3.3.0.jar;I:\E_backup\suo_MavenRepository\org\apache\httpcomponents\httpclient\4.5.2\httpclient-4.5.2.jar;I:\E_backup\suo_MavenRepository\org\apache\httpcomponents\httpcore\4.4.4\httpcore-4.4.4.jar;I:\E_backup\suo_MavenRepository\commons-logging\commons-logging\1.2\commons-logging-1.2.jar;I:\E_backup\suo_MavenRepository\commons-codec\commons-codec\1.9\commons-codec-1.9.jar;I:\E_backup\suo_MavenRepository\org\apache\httpcomponents\httpmime\4.5.2\httpmime-4.5.2.jar;I:\E_backup\suo_MavenRepository\org\jsoup\jsoup\1.9.2\jsoup-1.9.2.jar;I:\E_backup\suo_MavenRepository\com\google\code\gson\gson\2.8.0\gson-2.8.0.jar;I:\E_backup\suo_MavenRepository\com\vimalselvam\testng-extentsreport\1.3.1\testng-extentsreport-1.3.1.jar;I:\E_backup\suo_MavenRepository\com\google\guava\guava\20.0\guava-20.0.jar;I:\E_backup\suo_MavenRepository\com\squareup\retrofit2\retrofit\2.4.0\retrofit-2.4.0.jar;I:\E_backup\suo_MavenRepository\com\squareup\retrofit2\converter-gson\2.3.0\converter-gson-2.3.0.jar;I:\E_backup\suo_MavenRepository\log4j\log4j\1.2.17\log4j-1.2.17.jar;I:\E_backup\suo_MavenRepository\com\fasterxml\jackson\core\jackson-core\2.9.6\jackson-core-2.9.6.jar;I:\E_backup\suo_MavenRepository\com\fasterxml\jackson\core\jackson-databind\2.9.6\jackson-databind-2.9.6.jar;I:\E_backup\suo_MavenRepository\com\fasterxml\jackson\core\jackson-annotations\2.9.0\jackson-annotations-2.9.0.jar;I:\E_backup\suo_MavenRepository\com\github\fge\json-schema-validator\2.2.6\json-schema-validator-2.2.6.jar;I:\E_backup\suo_MavenRepository\com\google\code\findbugs\jsr305\3.0.0\jsr305-3.0.0.jar;I:\E_backup\suo_MavenRepository\joda-time\joda-time\2.3\joda-time-2.3.jar;I:\E_backup\suo_MavenRepository\com\googlecode\libphonenumber\libphonenumber\6.2\libphonenumber-6.2.jar;I:\E_backup\suo_MavenRepository\com\github\fge\json-schema-core\1.2.5\json-schema-core-1.2.5.jar;I:\E_backup\suo_MavenRepository\com\github\fge\uri-template\0.9\uri-template-0.9.jar;I:\E_backup\suo_MavenRepository\com\github\fge\msg-simple\1.1\msg-simple-1.1.jar;I:\E_backup\suo_MavenRepository\com\github\fge\btf\1.2\btf-1.2.jar;I:\E_backup\suo_MavenRepository\com\github\fge\jackson-coreutils\1.8\jackson-coreutils-1.8.jar;I:\E_backup\suo_MavenRepository\org\mozilla\rhino\1.7R4\rhino-1.7R4.jar;I:\E_backup\suo_MavenRepository\javax\mail\mailapi\1.4.3\mailapi-1.4.3.jar;I:\E_backup\suo_MavenRepository\javax\activation\activation\1.1\activation-1.1.jar;I:\E_backup\suo_MavenRepository\net\sf\jopt-simple\jopt-simple\4.6\jopt-simple-4.6.jar;I:\E_backup\suo_MavenRepository\org\apache\commons\commons-lang3\3.8.1\commons-lang3-3.8.1.jar;I:\E_backup\suo_MavenRepository\mysql\mysql-connector-java\5.1.20\mysql-connector-java-5.1.20.jar;I:\E_backup\suo_MavenRepository\io\qameta\allure\allure-testng\2.10.0\allure-testng-2.10.0.jar;I:\E_backup\suo_MavenRepository\io\qameta\allure\allure-java-commons\2.10.0\allure-java-commons-2.10.0.jar;I:\E_backup\suo_MavenRepository\io\qameta\allure\allure-model\2.10.0\allure-model-2.10.0.jar;I:\E_backup\suo_MavenRepository\org\apache\tika\tika-core\1.20\tika-core-1.20.jar;I:\E_backup\suo_MavenRepository\org\jooq\joor-java-8\0.9.10\joor-java-8-0.9.10.jar;I:\E_backup\suo_MavenRepository\org\apache\maven\surefire\surefire-testng-utils\2.22.0\surefire-testng-utils-2.22.0.jar;I:\E_backup\suo_MavenRepository\org\apache\maven\surefire\surefire-grouper\2.22.0\surefire-grouper-2.22.0.jar;"/>
    <property name="xmlFileName" value="testng.xml"/>
    <property name="java.vm.vendor" value="Oracle Corporation"/>
    <property name="sun.arch.data.model" value="32"/>
    <property name="user.variant" value=""/>
    <property name="java.vendor.url" value="http://java.oracle.com/"/>
    <property name="user.timezone" value="Asia/Shanghai"/>
    <property name="java.vm.specification.version" value="1.8"/>
    <property name="os.name" value="Windows 10"/>
    <property name="user.country" value="CN"/>
    <property name="sun.java.launcher" value="SUN_STANDARD"/>
    <property name="sun.boot.library.path" value="C:\Program Files (x86)\Jenkins\tools\hudson.model.JDK\jdk1.8.0_202\jre\bin"/>
    <property name="sun.java.command" value="C:\WINDOWS\TEMP\surefire839075147585844982\surefirebooter9146249485421065215.jar C:\Windows\Temp\surefire839075147585844982 2019-04-12T14-30-16_409-jvmRun1 surefire6247562591386245300tmp surefire_0606643657051122615tmp"/>
    <property name="surefire.test.class.path" value="H:\D_backup\javacode\TestHub-master\target\test-classes;H:\D_backup\javacode\TestHub-master\target\classes;I:\E_backup\suo_MavenRepository\com\alibaba\fastjson\1.2.47\fastjson-1.2.47.jar;I:\E_backup\suo_MavenRepository\com\googlecode\protobuf-java-format\protobuf-java-format\1.4\protobuf-java-format-1.4.jar;I:\E_backup\suo_MavenRepository\org\slf4j\slf4j-log4j12\1.7.25\slf4j-log4j12-1.7.25.jar;I:\E_backup\suo_MavenRepository\org\slf4j\slf4j-api\1.7.25\slf4j-api-1.7.25.jar;I:\E_backup\suo_MavenRepository\com\squareup\okhttp3\okhttp\3.10.0\okhttp-3.10.0.jar;I:\E_backup\suo_MavenRepository\com\squareup\okio\okio\1.14.0\okio-1.14.0.jar;I:\E_backup\suo_MavenRepository\com\squareup\okhttp3\logging-interceptor\3.10.0\logging-interceptor-3.10.0.jar;I:\E_backup\suo_MavenRepository\org\testng\testng\6.14.2\testng-6.14.2.jar;I:\E_backup\suo_MavenRepository\com\beust\jcommander\1.72\jcommander-1.72.jar;I:\E_backup\suo_MavenRepository\org\apache-extras\beanshell\bsh\2.0b6\bsh-2.0b6.jar;I:\E_backup\suo_MavenRepository\com\aventstack\extentreports\3.1.5\extentreports-3.1.5.jar;I:\E_backup\suo_MavenRepository\org\freemarker\freemarker\2.3.23\freemarker-2.3.23.jar;I:\E_backup\suo_MavenRepository\org\mongodb\mongodb-driver\3.3.0\mongodb-driver-3.3.0.jar;I:\E_backup\suo_MavenRepository\org\mongodb\bson\3.3.0\bson-3.3.0.jar;I:\E_backup\suo_MavenRepository\org\mongodb\mongodb-driver-core\3.3.0\mongodb-driver-core-3.3.0.jar;I:\E_backup\suo_MavenRepository\org\apache\httpcomponents\httpclient\4.5.2\httpclient-4.5.2.jar;I:\E_backup\suo_MavenRepository\org\apache\httpcomponents\httpcore\4.4.4\httpcore-4.4.4.jar;I:\E_backup\suo_MavenRepository\commons-logging\commons-logging\1.2\commons-logging-1.2.jar;I:\E_backup\suo_MavenRepository\commons-codec\commons-codec\1.9\commons-codec-1.9.jar;I:\E_backup\suo_MavenRepository\org\apache\httpcomponents\httpmime\4.5.2\httpmime-4.5.2.jar;I:\E_backup\suo_MavenRepository\org\jsoup\jsoup\1.9.2\jsoup-1.9.2.jar;I:\E_backup\suo_MavenRepository\com\google\code\gson\gson\2.8.0\gson-2.8.0.jar;I:\E_backup\suo_MavenRepository\com\vimalselvam\testng-extentsreport\1.3.1\testng-extentsreport-1.3.1.jar;I:\E_backup\suo_MavenRepository\com\google\guava\guava\20.0\guava-20.0.jar;I:\E_backup\suo_MavenRepository\com\squareup\retrofit2\retrofit\2.4.0\retrofit-2.4.0.jar;I:\E_backup\suo_MavenRepository\com\squareup\retrofit2\converter-gson\2.3.0\converter-gson-2.3.0.jar;I:\E_backup\suo_MavenRepository\log4j\log4j\1.2.17\log4j-1.2.17.jar;I:\E_backup\suo_MavenRepository\com\fasterxml\jackson\core\jackson-core\2.9.6\jackson-core-2.9.6.jar;I:\E_backup\suo_MavenRepository\com\fasterxml\jackson\core\jackson-databind\2.9.6\jackson-databind-2.9.6.jar;I:\E_backup\suo_MavenRepository\com\fasterxml\jackson\core\jackson-annotations\2.9.0\jackson-annotations-2.9.0.jar;I:\E_backup\suo_MavenRepository\com\github\fge\json-schema-validator\2.2.6\json-schema-validator-2.2.6.jar;I:\E_backup\suo_MavenRepository\com\google\code\findbugs\jsr305\3.0.0\jsr305-3.0.0.jar;I:\E_backup\suo_MavenRepository\joda-time\joda-time\2.3\joda-time-2.3.jar;I:\E_backup\suo_MavenRepository\com\googlecode\libphonenumber\libphonenumber\6.2\libphonenumber-6.2.jar;I:\E_backup\suo_MavenRepository\com\github\fge\json-schema-core\1.2.5\json-schema-core-1.2.5.jar;I:\E_backup\suo_MavenRepository\com\github\fge\uri-template\0.9\uri-template-0.9.jar;I:\E_backup\suo_MavenRepository\com\github\fge\msg-simple\1.1\msg-simple-1.1.jar;I:\E_backup\suo_MavenRepository\com\github\fge\btf\1.2\btf-1.2.jar;I:\E_backup\suo_MavenRepository\com\github\fge\jackson-coreutils\1.8\jackson-coreutils-1.8.jar;I:\E_backup\suo_MavenRepository\org\mozilla\rhino\1.7R4\rhino-1.7R4.jar;I:\E_backup\suo_MavenRepository\javax\mail\mailapi\1.4.3\mailapi-1.4.3.jar;I:\E_backup\suo_MavenRepository\javax\activation\activation\1.1\activation-1.1.jar;I:\E_backup\suo_MavenRepository\net\sf\jopt-simple\jopt-simple\4.6\jopt-simple-4.6.jar;I:\E_backup\suo_MavenRepository\org\apache\commons\commons-lang3\3.8.1\commons-lang3-3.8.1.jar;I:\E_backup\suo_MavenRepository\mysql\mysql-connector-java\5.1.20\mysql-connector-java-5.1.20.jar;I:\E_backup\suo_MavenRepository\io\qameta\allure\allure-testng\2.10.0\allure-testng-2.10.0.jar;I:\E_backup\suo_MavenRepository\io\qameta\allure\allure-java-commons\2.10.0\allure-java-commons-2.10.0.jar;I:\E_backup\suo_MavenRepository\io\qameta\allure\allure-model\2.10.0\allure-model-2.10.0.jar;I:\E_backup\suo_MavenRepository\org\apache\tika\tika-core\1.20\tika-core-1.20.jar;I:\E_backup\suo_MavenRepository\org\jooq\joor-java-8\0.9.10\joor-java-8-0.9.10.jar;I:\E_backup\suo_MavenRepository\org\apache\maven\surefire\surefire-testng-utils\2.22.0\surefire-testng-utils-2.22.0.jar;I:\E_backup\suo_MavenRepository\org\apache\maven\surefire\surefire-grouper\2.22.0\surefire-grouper-2.22.0.jar;"/>
    <property name="sun.cpu.endian" value="little"/>
    <property name="user.home" value="C:\WINDOWS\system32\config\systemprofile"/>
    <property name="user.language" value="zh"/>
    <property name="java.specification.vendor" value="Oracle Corporation"/>
    <property name="java.home" value="C:\Program Files (x86)\Jenkins\tools\hudson.model.JDK\jdk1.8.0_202\jre"/>
    <property name="basedir" value="H:\D_backup\javacode\TestHub-master"/>
    <property name="file.separator" value="\"/>
    <property name="line.separator" value="&#10;"/>
    <property name="java.vm.specification.vendor" value="Oracle Corporation"/>
    <property name="java.specification.name" value="Java Platform API Specification"/>
    <property name="java.awt.graphicsenv" value="sun.awt.Win32GraphicsEnvironment"/>
    <property name="surefire.real.class.path" value="C:\WINDOWS\TEMP\surefire839075147585844982\surefirebooter9146249485421065215.jar;I:\E_backup\suo_MavenRepository/org/aspectj/aspectjweaver/1.9.0/aspectjweaver-1.9.0.jar"/>
    <property name="sun.boot.class.path" value="C:\Program Files (x86)\Jenkins\tools\hudson.model.JDK\jdk1.8.0_202\jre\lib\resources.jar;C:\Program Files (x86)\Jenkins\tools\hudson.model.JDK\jdk1.8.0_202\jre\lib\rt.jar;C:\Program Files (x86)\Jenkins\tools\hudson.model.JDK\jdk1.8.0_202\jre\lib\sunrsasign.jar;C:\Program Files (x86)\Jenkins\tools\hudson.model.JDK\jdk1.8.0_202\jre\lib\jsse.jar;C:\Program Files (x86)\Jenkins\tools\hudson.model.JDK\jdk1.8.0_202\jre\lib\jce.jar;C:\Program Files (x86)\Jenkins\tools\hudson.model.JDK\jdk1.8.0_202\jre\lib\charsets.jar;C:\Program Files (x86)\Jenkins\tools\hudson.model.JDK\jdk1.8.0_202\jre\lib\jfr.jar;C:\Program Files (x86)\Jenkins\tools\hudson.model.JDK\jdk1.8.0_202\jre\classes"/>
    <property name="user.script" value=""/>
    <property name="sun.management.compiler" value="HotSpot Client Compiler"/>
    <property name="java.runtime.version" value="1.8.0_202-b08"/>
    <property name="user.name" value="DESKTOP-5PLATU8$"/>
    <property name="path.separator" value=";"/>
    <property name="os.version" value="10.0"/>
    <property name="java.endorsed.dirs" value="C:\Program Files (x86)\Jenkins\tools\hudson.model.JDK\jdk1.8.0_202\jre\lib\endorsed"/>
    <property name="java.runtime.name" value="Java(TM) SE Runtime Environment"/>
    <property name="file.encoding" value="GBK"/>
    <property name="java.vm.name" value="Java HotSpot(TM) Client VM"/>
    <property name="localRepository" value="I:\E_backup\suo_MavenRepository"/>
    <property name="java.vendor.url.bug" value="http://bugreport.sun.com/bugreport/"/>
    <property name="java.io.tmpdir" value="C:\WINDOWS\TEMP\"/>
    <property name="java.version" value="1.8.0_202"/>
    <property name="user.dir" value="H:\D_backup\javacode\TestHub-master"/>
    <property name="os.arch" value="x86"/>
    <property name="java.vm.specification.name" value="Java Virtual Machine Specification"/>
    <property name="java.awt.printerjob" value="sun.awt.windows.WPrinterJob"/>
    <property name="sun.os.patch.level" value=""/>
    <property name="java.library.path" value="C:\Program Files (x86)\Jenkins\tools\hudson.model.JDK\jdk1.8.0_202\jre\bin;C:\WINDOWS\Sun\Java\bin;C:\WINDOWS\system32;C:\WINDOWS;C:\Program Files (x86)\Jenkins\tools\hudson.tasks.Maven_MavenInstallation\apache-maven-3.3.9/bin;C:\Program Files (x86)\Jenkins\tools\hudson.model.JDK\jdk1.8.0_202/bin;C:\Program Files (x86)\Jenkins\tools\hudson.model.JDK\jdk1.8.0_202/bin;C:\Program Files (x86)\NetSarang\Xftp 6\;C:\Program Files (x86)\NetSarang\Xshell 6\;C:\Program Files (x86)\Common Files\Oracle\Java\javapath;C:\WINDOWS\system32;C:\WINDOWS;C:\WINDOWS\System32\Wbem;C:\WINDOWS\System32\WindowsPowerShell\v1.0\;C:\WINDOWS\System32\OpenSSH\;C:\Program Files (x86)\NVIDIA Corporation\PhysX\Common;C:\Program Files\NVIDIA Corporation\NVIDIA NvDLISR;H:\D_backup\Andriod_SDK\platform-tools;H:\D_backup\Andriod_SDK\tools;C:\Program Files\Java\jdk1.8.0_202\bin;C:\Program Files\Java\jdk1.8.0_202\jre\bin;C:\Program Files\nodejs\;C:\Python27;C:\Python27\Scripts;C:\Program Files\TortoiseSVN\bin;C:\WINDOWS\system32\config\systemprofile\AppData\Local\Microsoft\WindowsApps;."/>
    <property name="java.vm.info" value="mixed mode"/>
    <property name="java.vendor" value="Oracle Corporation"/>
    <property name="java.vm.version" value="25.202-b08"/>
    <property name="java.ext.dirs" value="C:\Program Files (x86)\Jenkins\tools\hudson.model.JDK\jdk1.8.0_202\jre\lib\ext;C:\WINDOWS\Sun\Java\lib\ext"/>
    <property name="sun.io.unicode.encoding" value="UnicodeLittle"/>
    <property name="java.class.version" value="52.0"/>
  </properties>
  <testcase name="testcase8" classname="com.jxq.douban.SearchTagsTest" time="0.364"/>
  <testcase name="testcase9" classname="com.jxq.douban.SearchTagsTest" time="0.059"/>
</testsuite>