<?xml version="1.0" encoding="UTF-8"?>
<!-- Generated by org.testng.reporters.JUnitReportReporter -->
<testsuite skipped="0" hostname="DESKTOP-5PLATU8" name="com.jxq.douban.SearchTagsTest" tests="1" failures="0" timestamp="12 四月 2019 03:35:38 GMT" time="0.355" errors="0">
  <testcase name="testcase8" time="0.355" classname="com.jxq.douban.SearchTagsTest"/>
</testsuite> <!-- com.jxq.douban.SearchTagsTest -->
