<?xml version="1.0" encoding="UTF-8"?>
<!-- Generated by org.testng.reporters.JUnitReportReporter -->
<testsuite skipped="0" hostname="DESKTOP-5PLATU8" name="com.jxq.douban.SearchTagsTest" tests="2" failures="0" timestamp="12 四月 2019 06:30:20 GMT" time="0.423" errors="0">
  <testcase name="testcase8" time="0.364" classname="com.jxq.douban.SearchTagsTest"/>
  <testcase name="testcase9" time="0.059" classname="com.jxq.douban.SearchTagsTest"/>
</testsuite> <!-- com.jxq.douban.SearchTagsTest -->
